<?xml version="1.0" encoding="UTF-8"?>
<!-- Generated by org.testng.reporters.JUnitXMLReporter -->
<testsuite ignored="0" hostname="AlamFaleela" failures="1" tests="2" name="Test" time="11.801" errors="0" timestamp="2025-06-01T05:35:41 IST">
  <testcase classname="tests.InvalidLogin" name="loginTestFailure" time="0.026">
    <failure type="java.lang.NullPointerException" message="Cannot invoke &amp;quot;pages.LoginPage.login(String, String)&amp;quot; because &amp;quot;this.loginPg&amp;quot; is null">
      <![CDATA[java.lang.NullPointerException: Cannot invoke "pages.LoginPage.login(String, String)" because "this.loginPg" is null
at tests.InvalidLogin.loginTestFailure(InvalidLogin.java:24)
at java.base/java.util.ArrayList.forEach(ArrayList.java:1511)
... Removed 31 stack frames]]>
    </failure>
  </testcase> <!-- loginTestFailure -->
  <testcase classname="tests.ValidLogin" name="loginTest" time="2.273"/>
</testsuite> <!-- Test -->
